<?xml version="1.0" encoding="UTF-8"?>
<!-- Generated by org.testng.reporters.JUnitReportReporter -->
<testsuite hostname="Mypc" failures="0" tests="7" name="com.EmiCalculator.regressiontest.DriverRegressionTest" time="8.222" errors="0" timestamp="16 Jul 2020 03:47:27 GMT" skipped="0">
  <testcase classname="com.EmiCalculator.regressiontest.DriverRegressionTest" name="verifyPage" time="0.220"/>
  <testcase classname="com.EmiCalculator.regressiontest.DriverRegressionTest" name="setoption" time="0.679"/>
  <testcase classname="com.EmiCalculator.regressiontest.DriverRegressionTest" name="setLoanAmount" time="0.924"/>
  <testcase classname="com.EmiCalculator.regressiontest.DriverRegressionTest" name="setInterest" time="1.064"/>
  <testcase classname="com.EmiCalculator.regressiontest.DriverRegressionTest" name="setTenure" time="0.946"/>
  <testcase classname="com.EmiCalculator.regressiontest.DriverRegressionTest" name="getOutput" time="0.468"/>
  <testcase classname="com.EmiCalculator.regressiontest.DriverRegressionTest" name="getScreenshot" time="3.921"/>
</testsuite> <!-- com.EmiCalculator.regressiontest.DriverRegressionTest -->
