<?xml version="1.0" encoding="UTF-8"?>
<!-- Generated by org.testng.reporters.JUnitReportReporter -->
<testsuite hostname="Mypc" failures="0" tests="1" name="com.cts.pom.ObjectFactory" time="0.028" errors="0" timestamp="09 Jul 2020 15:21:26 GMT" skipped="0">
  <testcase classname="com.cts.pom.ObjectFactory" name="getDriver" time="0.028"/>
</testsuite> <!-- com.cts.pom.ObjectFactory -->
