<?xml version="1.0" encoding="UTF-8"?>
<!-- Generated by org.testng.reporters.JUnitReportReporter -->
<testsuite hostname="Mypc" failures="0" tests="7" name="com.EmiCalculator.regressiontest.DriverRegressionTest" time="15.856" errors="0" timestamp="19 Jul 2020 15:30:18 GMT" skipped="0">
  <testcase classname="com.EmiCalculator.regressiontest.DriverRegressionTest" name="verifyPage" time="8.534"/>
  <testcase classname="com.EmiCalculator.regressiontest.DriverRegressionTest" name="setoption" time="1.183"/>
  <testcase classname="com.EmiCalculator.regressiontest.DriverRegressionTest" name="setLoanAmount" time="1.892"/>
  <testcase classname="com.EmiCalculator.regressiontest.DriverRegressionTest" name="setInterest" time="0.991"/>
  <testcase classname="com.EmiCalculator.regressiontest.DriverRegressionTest" name="setTenure" time="1.634"/>
  <testcase classname="com.EmiCalculator.regressiontest.DriverRegressionTest" name="getOutput" time="0.453"/>
  <testcase classname="com.EmiCalculator.regressiontest.DriverRegressionTest" name="getScreenshot" time="1.169"/>
</testsuite> <!-- com.EmiCalculator.regressiontest.DriverRegressionTest -->
